<?xml version="1.0" encoding="UTF-8"?>
<!-- Generated by org.testng.reporters.JUnitReportReporter -->
<testsuite skipped="0" hostname="LAP195" name="Scripts.ManageWrkflwActivity_Script" tests="2" failures="0" timestamp="2020-08-12T10:03:30 IST" time="20.823" errors="0">
  <testcase name="settingPage" time="10.426" classname="Scripts.ManageWrkflwActivity_Script"/>
  <testcase name="mangeWfActivity" time="10.397" classname="Scripts.ManageWrkflwActivity_Script"/>
</testsuite> <!-- Scripts.ManageWrkflwActivity_Script -->
