<?xml version="1.0" encoding="UTF-8"?>
<!-- Generated by org.testng.reporters.JUnitReportReporter -->
<testsuite skipped="0" hostname="LAP195" name="Scripts.ManageWrkflwFlexi_Script" tests="2" failures="0" timestamp="2020-08-12T10:03:30 IST" time="31.000" errors="0">
  <testcase name="settingPage" time="10.320" classname="Scripts.ManageWrkflwFlexi_Script"/>
  <testcase name="mangeWfFlexi" time="20.680" classname="Scripts.ManageWrkflwFlexi_Script"/>
</testsuite> <!-- Scripts.ManageWrkflwFlexi_Script -->
