<?xml version="1.0" encoding="UTF-8"?>
<!-- Generated by org.testng.reporters.JUnitReportReporter -->
<testsuite skipped="0" hostname="CPU351" name="Scripts.AnyDocChooseTemp_Script" tests="1" failures="0" timestamp="15 Nov 2019 04:12:30 GMT" time="55.416" errors="0">
  <testcase name="anyDoc" time="55.416" classname="Scripts.AnyDocChooseTemp_Script"/>
</testsuite> <!-- Scripts.AnyDocChooseTemp_Script -->
