<?xml version="1.0" encoding="UTF-8"?>
<!-- Generated by org.testng.reporters.JUnitReportReporter -->
<testsuite skipped="0" hostname="LAP195" name="Scripts.validatesignedfile" tests="1" failures="0" timestamp="2020-08-12T10:03:30 IST" time="10.356" errors="0">
  <testcase name="validate" time="10.356" classname="Scripts.validatesignedfile"/>
</testsuite> <!-- Scripts.validatesignedfile -->
