<?xml version="1.0" encoding="UTF-8"?>
<!-- Generated by org.testng.reporters.JUnitReportReporter -->
<testsuite skipped="0" hostname="LAP195" name="Scripts.QuickSetupworkflow_Script" tests="1" failures="0" timestamp="2020-08-12T10:03:30 IST" time="10.348" errors="0">
  <testcase name="settingPage" time="10.348" classname="Scripts.QuickSetupworkflow_Script"/>
</testsuite> <!-- Scripts.QuickSetupworkflow_Script -->
