<?xml version="1.0" encoding="UTF-8"?>
<!-- Generated by org.testng.reporters.JUnitReportReporter -->
<testsuite skipped="0" hostname="LAP195" name="Scripts.Logout_Script" tests="1" failures="0" timestamp="2020-09-07T10:25:01 IST" time="11.468" errors="0">
  <testcase name="Logout" time="11.468" classname="Scripts.Logout_Script"/>
  <system-out/>
</testsuite> <!-- Scripts.Logout_Script -->
