<?xml version="1.0" encoding="UTF-8"?>
<!-- Generated by org.testng.reporters.JUnitReportReporter -->
<testsuite skipped="0" hostname="LAP195" name="Scripts.AdminWFExternalExcelDraft_Script" tests="5" failures="0" timestamp="2020-08-12T10:03:30 IST" time="53.853" errors="0">
  <testcase name="settingPage" time="10.340" classname="Scripts.AdminWFExternalExcelDraft_Script"/>
  <testcase name="createmanageWorkflowExcel" time="10.358" classname="Scripts.AdminWFExternalExcelDraft_Script"/>
  <testcase name="manageWorkflowExcelDrafts" time="10.335" classname="Scripts.AdminWFExternalExcelDraft_Script"/>
  <testcase name="manageWorkflowExcelDrafts" time="12.325" classname="Scripts.AdminWFExternalExcelDraft_Script"/>
  <testcase name="manageWorkflowExcelDrafts" time="10.495" classname="Scripts.AdminWFExternalExcelDraft_Script"/>
</testsuite> <!-- Scripts.AdminWFExternalExcelDraft_Script -->
