<?xml version="1.0" encoding="UTF-8"?>
<!-- Generated by org.testng.reporters.JUnitReportReporter -->
<testsuite skipped="0" hostname="LAP195" name="Scripts.ManageWorkflow_Script" tests="7" failures="0" timestamp="2020-08-12T10:03:30 IST" time="72.383" errors="0">
  <testcase name="editNDeleteAdhocUser" time="10.327" classname="Scripts.ManageWorkflow_Script"/>
  <testcase name="editNDeleteAdhocUser" time="10.345" classname="Scripts.ManageWorkflow_Script"/>
  <testcase name="editNDeleteAdhocUser" time="10.329" classname="Scripts.ManageWorkflow_Script"/>
  <testcase name="editNDeleteAdhocUser" time="10.324" classname="Scripts.ManageWorkflow_Script"/>
  <testcase name="editNDeleteAdhocUser" time="10.338" classname="Scripts.ManageWorkflow_Script"/>
  <testcase name="editNDeleteAdhocUser" time="10.352" classname="Scripts.ManageWorkflow_Script"/>
  <testcase name="flexiworkFlows" time="10.368" classname="Scripts.ManageWorkflow_Script"/>
</testsuite> <!-- Scripts.ManageWorkflow_Script -->
