<?xml version="1.0" encoding="UTF-8"?>
<!-- Generated by org.testng.reporters.JUnitReportReporter -->
<testsuite skipped="0" hostname="LAP195" name="Scripts.LoginErrCheck_Script" tests="4" failures="0" timestamp="2020-09-07T10:25:01 IST" time="17.028" errors="0">
  <testcase name="LoginErrCheck" time="3.659" classname="Scripts.LoginErrCheck_Script"/>
  <system-out/>
  <testcase name="LoginErrCheck" time="1.518" classname="Scripts.LoginErrCheck_Script"/>
  <system-out/>
  <testcase name="LoginErrCheck" time="4.156" classname="Scripts.LoginErrCheck_Script"/>
  <system-out/>
  <testcase name="LoginErrCheck" time="7.695" classname="Scripts.LoginErrCheck_Script"/>
  <system-out/>
</testsuite> <!-- Scripts.LoginErrCheck_Script -->
