<?xml version="1.0" encoding="UTF-8"?>
<!-- Generated by org.testng.reporters.JUnitReportReporter -->
<testsuite skipped="0" hostname="LAP195" name="Scripts.CreateDocSaveToDraft_Script" tests="12" failures="0" timestamp="2020-08-12T10:03:30 IST" time="30.972" errors="0">
  <testcase name="CreateDocvalidatn" time="0.004" classname="Scripts.CreateDocSaveToDraft_Script"/>
  <testcase name="CreateDocvalidatn" time="0.002" classname="Scripts.CreateDocSaveToDraft_Script"/>
  <testcase name="CreateDocvalidatn" time="0.003" classname="Scripts.CreateDocSaveToDraft_Script"/>
  <testcase name="CreateDocvalidatn" time="10.333" classname="Scripts.CreateDocSaveToDraft_Script"/>
  <testcase name="CreateDocvalidatn" time="0.003" classname="Scripts.CreateDocSaveToDraft_Script"/>
  <testcase name="CreateDocvalidatn" time="0.002" classname="Scripts.CreateDocSaveToDraft_Script"/>
  <testcase name="CreateDocvalidatn" time="0.003" classname="Scripts.CreateDocSaveToDraft_Script"/>
  <testcase name="CreateDocvalidatn" time="10.310" classname="Scripts.CreateDocSaveToDraft_Script"/>
  <testcase name="CreateDocvalidatn" time="0.003" classname="Scripts.CreateDocSaveToDraft_Script"/>
  <testcase name="CreateDocvalidatn" time="0.003" classname="Scripts.CreateDocSaveToDraft_Script"/>
  <testcase name="CreateDocvalidatn" time="10.302" classname="Scripts.CreateDocSaveToDraft_Script"/>
  <testcase name="CreateDocvalidatn" time="0.004" classname="Scripts.CreateDocSaveToDraft_Script"/>
</testsuite> <!-- Scripts.CreateDocSaveToDraft_Script -->
