<?xml version="1.0" encoding="UTF-8"?>
<!-- Generated by org.testng.reporters.JUnitReportReporter -->
<testsuite skipped="0" hostname="LAP195" name="Scripts.Login_Script" tests="1" failures="0" timestamp="2020-09-07T10:25:01 IST" time="12.464" errors="0">
  <testcase name="Login" time="12.464" classname="Scripts.Login_Script"/>
  <system-out/>
</testsuite> <!-- Scripts.Login_Script -->
