<?xml version="1.0" encoding="UTF-8"?>
<!-- Generated by org.testng.reporters.JUnitReportReporter -->
<testsuite skipped="0" hostname="LAP195" name="Scripts.CreateDoceSign_Script" tests="1" failures="0" timestamp="2020-08-12T10:03:30 IST" time="20.674" errors="0">
  <testcase name="createDocument" time="20.674" classname="Scripts.CreateDoceSign_Script"/>
</testsuite> <!-- Scripts.CreateDoceSign_Script -->
