<?xml version="1.0" encoding="UTF-8"?>
<!-- Generated by org.testng.reporters.JUnitReportReporter -->
<testsuite skipped="0" hostname="LAP195" name="Scripts.API_Script" tests="1" failures="0" timestamp="2020-11-13T10:26:45 IST" time="0.172" errors="0">
  <testcase name="apiscript" time="0.172" classname="Scripts.API_Script"/>
  <system-out/>
</testsuite> <!-- Scripts.API_Script -->
