<?xml version="1.0" encoding="UTF-8"?>
<!-- Generated by org.testng.reporters.JUnitReportReporter -->
<testsuite skipped="0" hostname="LAP195" name="Scripts.UpldDoceSigntreTmplte_Script" tests="1" failures="0" timestamp="2020-08-12T10:03:30 IST" time="33.910" errors="0">
  <testcase name="uploadDoceSignTmp" time="33.910" classname="Scripts.UpldDoceSigntreTmplte_Script"/>
</testsuite> <!-- Scripts.UpldDoceSigntreTmplte_Script -->
