<?xml version="1.0" encoding="UTF-8"?>
<!-- Generated by org.testng.reporters.JUnitReportReporter -->
<testsuite skipped="0" hostname="CPU351" name="Scripts.AnyDoceSign_Script" tests="1" failures="0" timestamp="15 Jul 2019 06:14:11 GMT" time="95.638" errors="0">
  <testcase name="anyDoceSign" time="95.638" classname="Scripts.AnyDoceSign_Script"/>
</testsuite> <!-- Scripts.AnyDoceSign_Script -->
