<?xml version="1.0" encoding="UTF-8"?>
<!-- Generated by org.testng.reporters.JUnitReportReporter -->
<testsuite skipped="0" hostname="LAP195" name="Scripts.NDTV_Script" tests="1" failures="0" timestamp="2020-11-12T20:15:44 IST" time="94.963" errors="0">
  <testcase name="Login" time="94.963" classname="Scripts.NDTV_Script"/>
  <system-out/>
</testsuite> <!-- Scripts.NDTV_Script -->
